\BOOKMARK [1][-]{Doc-Start}{Preface}{}% 1
\BOOKMARK [1][-]{section*.1}{Acknowledgment}{}% 2
\BOOKMARK [1][-]{section*.2}{Summary and Conclusions}{}% 3
\BOOKMARK [0][-]{chapter.1}{Introduction}{}% 4
\BOOKMARK [1][-]{section.1.1}{Background}{chapter.1}% 5
\BOOKMARK [1][-]{section.1.2}{Problem Formulation}{chapter.1}% 6
\BOOKMARK [1][-]{section.1.3}{Literature Survey}{chapter.1}% 7
\BOOKMARK [1][-]{section.1.4}{Objectives}{chapter.1}% 8
\BOOKMARK [1][-]{section.1.5}{Limitations}{chapter.1}% 9
\BOOKMARK [1][-]{section.1.6}{Approach}{chapter.1}% 10
\BOOKMARK [1][-]{section.1.7}{Structure of the Report}{chapter.1}% 11
\BOOKMARK [0][-]{chapter.2}{Experiments}{}% 12
\BOOKMARK [1][-]{section.2.1}{Introduction}{chapter.2}% 13
\BOOKMARK [1][-]{section.2.2}{Experiment No.1}{chapter.2}% 14
\BOOKMARK [1][-]{section.2.3}{Experiment No.2}{chapter.2}% 15
\BOOKMARK [2][-]{subsection.2.3.1}{Part A}{section.2.3}% 16
\BOOKMARK [2][-]{subsection.2.3.2}{Part B}{section.2.3}% 17
\BOOKMARK [1][-]{section.2.4}{Including Figures}{chapter.2}% 18
\BOOKMARK [1][-]{section.2.5}{Including Tables}{chapter.2}% 19
\BOOKMARK [1][-]{section.2.6}{Copying Figures and Tables}{chapter.2}% 20
\BOOKMARK [1][-]{section.2.7}{References to Figures and Tables}{chapter.2}% 21
\BOOKMARK [1][-]{section.2.8}{A Word About Font-encoding}{chapter.2}% 22
\BOOKMARK [1][-]{section.2.9}{Plagiarism}{chapter.2}% 23
\BOOKMARK [0][-]{chapter.3}{Summary}{}% 24
\BOOKMARK [1][-]{section.3.1}{Summary and Conclusions}{chapter.3}% 25
\BOOKMARK [1][-]{section.3.2}{Discussion}{chapter.3}% 26
\BOOKMARK [1][-]{section.3.3}{Recommendations for Further Work}{chapter.3}% 27
\BOOKMARK [0][-]{appendix.A}{Acronyms}{}% 28
\BOOKMARK [0][-]{appendix.B}{Additional Information}{}% 29
\BOOKMARK [1][-]{section.B.1}{Introduction}{appendix.B}% 30
\BOOKMARK [2][-]{subsection.B.1.1}{More Details}{section.B.1}% 31
\BOOKMARK [0][-]{subsection.B.1.1}{Bibliography}{}% 32
